<?xml version="1.0" encoding="UTF-8" standalone="yes"?>
<testsuites name="V7 Features" time="23" tests="1" failures="0" errors="0">
    <testsuite name="V7 Features" tests="1" failures="0" errors="0" time="23" timestamp="2019-07-31 12:59:39" hostname="kbr - HYPERION.pci.intranet" id="Test Suites/V7 Features">
        <properties>
            <property name="deviceName" value=""/>
            <property name="devicePlatform" value=""/>
            <property name="logFolder" value="C:\\Users\\kbr\\git\\V7\\V7\\V7\\Reports\\V7 Features\\20190731_125935"/>
            <property name="logFiles" value="C:\\Users\\kbr\\git\\V7\\V7\\V7\\Reports\\V7 Features\\20190731_125935\\execution0.log"/>
            <property name="attachments" value=""/>
            <property name="hostName" value="kbr - HYPERION.pci.intranet"/>
            <property name="os" value="Windows 10 64bit"/>
            <property name="katalonVersion" value="6.1.5.3"/>
            <property name="browser" value="Chrome 75.0.3770.142"/>
            <property name="hostAddress" value="192.168.4.141"/>
            <property name="sessionId" value="b2e65f7434309853aa1e9d521f2326dd"/>
            <property name="seleniumVersion" value="3.7.1"/>
            <property name="proxyInformation" value="ProxyInformation{proxyOption=NO_PROXY, proxyServerType=HTTP, password=, proxyServerAddress=, proxyServerPort=0}"/>
            <property name="platform" value="Windows 10"/>
        </properties>
        <testcase name="Test Cases/V7 Features/V7-717" classname="Test Cases/V7 Features/V7-717" status="PASSED">
            <system-out>2019-07-31 12:59:40 - [TEST_CASE][PASSED] - Test Cases/V7 Features/V7-717: Test Cases/V7 Features/V7-717&#xD;
&#xD;
2019-07-31 12:59:41 - [TEST_STEP][PASSED] - openBrowser(""): Browser is opened with url: ''&#xD;
&#xD;
2019-07-31 12:59:41 - [MESSAGE][INFO] - Starting 'Chrome (headless)' driver&#xD;
&#xD;
2019-07-31 12:59:42 - [MESSAGE][INFO] - Action delay is set to 0 seconds&#xD;
&#xD;
2019-07-31 12:59:47 - [MESSAGE][PASSED] - Browser is opened with url: ''&#xD;
&#xD;
2019-07-31 12:59:47 - [TEST_STEP][PASSED] - navigateToUrl("https://nostromo.profect.de:8444/v7-snapshot/#/main"): Navigate to 'https://nostromo.profect.de:8444/v7-snapshot/#/main' successfully&#xD;
&#xD;
2019-07-31 13:00:00 - [MESSAGE][PASSED] - Navigate to 'https://nostromo.profect.de:8444/v7-snapshot/#/main' successfully&#xD;
&#xD;
2019-07-31 13:00:00 - [TEST_STEP][PASSED] - click(findTestObject("Page_BusinessRadar-Client 700/Div/div_Nutzername")): Object: 'Object Repository/Page_BusinessRadar-Client 700/Div/div_Nutzername' is clicked on&#xD;
&#xD;
2019-07-31 13:00:00 - [MESSAGE][PASSED] - Object: 'Object Repository/Page_BusinessRadar-Client 700/Div/div_Nutzername' is clicked on&#xD;
&#xD;
2019-07-31 13:00:00 - [TEST_STEP][PASSED] - setText(findTestObject("Page_BusinessRadar-Client 700/Input fields/input_Login_username"), "demo"): Text 'demo' is set on object 'Object Repository/Page_BusinessRadar-Client 700/Input fields/input_Login_username'&#xD;
&#xD;
2019-07-31 13:00:01 - [MESSAGE][PASSED] - Text 'demo' is set on object 'Object Repository/Page_BusinessRadar-Client 700/Input fields/input_Login_username'&#xD;
&#xD;
2019-07-31 13:00:01 - [TEST_STEP][PASSED] - setEncryptedText(findTestObject("Page_BusinessRadar-Client 700/Input fields/input_Nutzername_password"), "W3BsrpIC7rG/OMTzTgbg+A=="): Text ****** has been set on object 'Object Repository/Page_BusinessRadar-Client 700/Input fields/input_Nutzername_password'&#xD;
&#xD;
2019-07-31 13:00:01 - [MESSAGE][PASSED] - Text ****** has been set on object 'Object Repository/Page_BusinessRadar-Client 700/Input fields/input_Nutzername_password'&#xD;
&#xD;
2019-07-31 13:00:01 - [TEST_STEP][PASSED] - click(findTestObject("Page_BusinessRadar-Client 700/Buttons/button_ANMELDEN")): Object: 'Object Repository/Page_BusinessRadar-Client 700/Buttons/button_ANMELDEN' is clicked on&#xD;
&#xD;
2019-07-31 13:00:01 - [MESSAGE][PASSED] - Object: 'Object Repository/Page_BusinessRadar-Client 700/Buttons/button_ANMELDEN' is clicked on&#xD;
&#xD;
2019-07-31 13:00:01 - [TEST_STEP][PASSED] - click(findTestObject("Page_BusinessRadar-Client 700/Span/span_KAMPAGNENDEFINITION")): Object: 'Object Repository/Page_BusinessRadar-Client 700/Span/span_KAMPAGNENDEFINITION' is clicked on&#xD;
&#xD;
2019-07-31 13:00:02 - [MESSAGE][PASSED] - Object: 'Object Repository/Page_BusinessRadar-Client 700/Span/span_KAMPAGNENDEFINITION' is clicked on&#xD;
&#xD;
2019-07-31 13:00:02 - [TEST_STEP][PASSED] - verifyElementVisible(findTestObject("Page_BusinessRadar-Client 700/Div/div_Kampagne erstellen  Kampagne modifizieren")): Object 'Object Repository/Page_BusinessRadar-Client 700/Div/div_Kampagne erstellen  Kampagne modifizieren' is visible&#xD;
&#xD;
2019-07-31 13:00:02 - [MESSAGE][PASSED] - Object 'Object Repository/Page_BusinessRadar-Client 700/Div/div_Kampagne erstellen  Kampagne modifizieren' is visible&#xD;
&#xD;
2019-07-31 13:00:02 - [TEST_STEP][PASSED] - closeBrowser(): Browser is closed&#xD;
&#xD;
2019-07-31 13:00:02 - [MESSAGE][PASSED] - Browser is closed</system-out>
            <system-err></system-err>
        </testcase>
        <system-out>2019-07-31 12:59:39 - [TEST_SUITE][INCOMPLETE] - V7 Features: null</system-out>
        <system-err>2019-07-31 12:59:39 - [TEST_SUITE][INCOMPLETE] - V7 Features: null</system-err>
    </testsuite>
</testsuites>
