<?xml version="1.0" encoding="UTF-8" standalone="yes"?>
<testsuites name="V7 Bugs" time="67" tests="4" failures="0" errors="0">
    <testsuite name="V7 Bugs" tests="4" failures="0" errors="0" time="67" timestamp="2019-08-06 10:39:22" hostname="kbr - HYPERION.pci.intranet" id="Test Suites/V7 Bugs">
        <properties>
            <property name="deviceName" value=""/>
            <property name="devicePlatform" value=""/>
            <property name="logFolder" value="C:\\Users\\kbr\\git\\V7\\V7\\V7\\Reports\\V7 Bugs\\20190806_103918"/>
            <property name="logFiles" value="C:\\Users\\kbr\\git\\V7\\V7\\V7\\Reports\\V7 Bugs\\20190806_103918\\execution0.log"/>
            <property name="attachments" value=""/>
            <property name="hostName" value="kbr - HYPERION.pci.intranet"/>
            <property name="os" value="Windows 10 64bit"/>
            <property name="katalonVersion" value="6.1.5.3"/>
            <property name="browser" value="Chrome 75.0.3770.142"/>
            <property name="hostAddress" value="192.168.4.141"/>
            <property name="sessionId" value="791215ee07b8a5eb1884e2b4ea63a941"/>
            <property name="seleniumVersion" value="3.7.1"/>
            <property name="proxyInformation" value="ProxyInformation{proxyOption=NO_PROXY, proxyServerType=HTTP, password=, proxyServerAddress=, proxyServerPort=0}"/>
            <property name="platform" value="Windows 10"/>
        </properties>
        <testcase name="Test Cases/V7 Bugs/V7 715" classname="Test Cases/V7 Bugs/V7 715" status="PASSED">
            <system-out>2019-08-06 10:39:22 - [TEST_CASE][PASSED] - Test Cases/V7 Bugs/V7 715: Test Cases/V7 Bugs/V7 715&#xD;
&#xD;
2019-08-06 10:39:22 - [TEST_STEP][PASSED] - openBrowser(""): Browser is opened with url: ''&#xD;
&#xD;
2019-08-06 10:39:23 - [MESSAGE][INFO] - Starting 'Chrome (headless)' driver&#xD;
&#xD;
2019-08-06 10:39:23 - [MESSAGE][INFO] - Action delay is set to 0 seconds&#xD;
&#xD;
2019-08-06 10:39:26 - [MESSAGE][PASSED] - Browser is opened with url: ''&#xD;
&#xD;
2019-08-06 10:39:26 - [TEST_STEP][PASSED] - navigateToUrl("https://nostromo.profect.de:8444/v7-snapshot/#/main"): Navigate to 'https://nostromo.profect.de:8444/v7-snapshot/#/main' successfully&#xD;
&#xD;
2019-08-06 10:39:37 - [MESSAGE][PASSED] - Navigate to 'https://nostromo.profect.de:8444/v7-snapshot/#/main' successfully&#xD;
&#xD;
2019-08-06 10:39:37 - [TEST_STEP][PASSED] - waitForPageLoad(3): Wait for page load successfully&#xD;
&#xD;
2019-08-06 10:39:37 - [MESSAGE][PASSED] - Wait for page load successfully&#xD;
&#xD;
2019-08-06 10:39:37 - [TEST_STEP][PASSED] - setText(findTestObject("Page_BusinessRadar-Client 700/Input fields/input_Login_username"), "demo"): Text 'demo' is set on object 'Object Repository/Page_BusinessRadar-Client 700/Input fields/input_Login_username'&#xD;
&#xD;
2019-08-06 10:39:37 - [MESSAGE][PASSED] - Text 'demo' is set on object 'Object Repository/Page_BusinessRadar-Client 700/Input fields/input_Login_username'&#xD;
&#xD;
2019-08-06 10:39:37 - [TEST_STEP][PASSED] - setEncryptedText(findTestObject("Page_BusinessRadar-Client 700/Input fields/input_Nutzername_password"), "W3BsrpIC7rG/OMTzTgbg+A=="): Text ****** has been set on object 'Object Repository/Page_BusinessRadar-Client 700/Input fields/input_Nutzername_password'&#xD;
&#xD;
2019-08-06 10:39:38 - [MESSAGE][PASSED] - Text ****** has been set on object 'Object Repository/Page_BusinessRadar-Client 700/Input fields/input_Nutzername_password'&#xD;
&#xD;
2019-08-06 10:39:38 - [TEST_STEP][PASSED] - click(findTestObject("Page_BusinessRadar-Client 700/Buttons/button_ANMELDEN")): Object: 'Object Repository/Page_BusinessRadar-Client 700/Buttons/button_ANMELDEN' is clicked on&#xD;
&#xD;
2019-08-06 10:39:38 - [MESSAGE][PASSED] - Object: 'Object Repository/Page_BusinessRadar-Client 700/Buttons/button_ANMELDEN' is clicked on&#xD;
&#xD;
2019-08-06 10:39:38 - [TEST_STEP][PASSED] - click(findTestObject("Page_BusinessRadar-Client 700/Buttons/button_KAMPAGNEN BEARBEITUNG (1)")): Object: 'Object Repository/Page_BusinessRadar-Client 700/Buttons/button_KAMPAGNEN BEARBEITUNG (1)' is clicked on&#xD;
&#xD;
2019-08-06 10:39:38 - [MESSAGE][PASSED] - Object: 'Object Repository/Page_BusinessRadar-Client 700/Buttons/button_KAMPAGNEN BEARBEITUNG (1)' is clicked on&#xD;
&#xD;
2019-08-06 10:39:38 - [TEST_STEP][PASSED] - click(findTestObject("Page_BusinessRadar-Client 700/Buttons/a_Kampagnenbearbeitung_nav-link tab-button-a v7-highlight-font active")): Object: 'Object Repository/Page_BusinessRadar-Client 700/Buttons/a_Kampagnenbearbeitung_nav-link tab-button-a v7-highlight-font active' is clicked on&#xD;
&#xD;
2019-08-06 10:39:40 - [MESSAGE][PASSED] - Object: 'Object Repository/Page_BusinessRadar-Client 700/Buttons/a_Kampagnenbearbeitung_nav-link tab-button-a v7-highlight-font active' is clicked on&#xD;
&#xD;
2019-08-06 10:39:40 - [TEST_STEP][PASSED] - closeBrowser(): Browser is closed&#xD;
&#xD;
2019-08-06 10:39:41 - [MESSAGE][PASSED] - Browser is closed</system-out>
            <system-err></system-err>
        </testcase>
        <testcase name="Test Cases/V7 Bugs/V7 732" classname="Test Cases/V7 Bugs/V7 732" status="PASSED">
            <system-out>2019-08-06 10:39:41 - [TEST_CASE][PASSED] - Test Cases/V7 Bugs/V7 732: Test Cases/V7 Bugs/V7 732&#xD;
&#xD;
2019-08-06 10:39:41 - [TEST_STEP][PASSED] - openBrowser(""): Browser is opened with url: ''&#xD;
&#xD;
2019-08-06 10:39:41 - [MESSAGE][INFO] - Starting 'Chrome (headless)' driver&#xD;
&#xD;
2019-08-06 10:39:43 - [MESSAGE][PASSED] - Browser is opened with url: ''&#xD;
&#xD;
2019-08-06 10:39:43 - [TEST_STEP][PASSED] - navigateToUrl("https://nostromo.profect.de:8444/v7-snapshot/#/main"): Navigate to 'https://nostromo.profect.de:8444/v7-snapshot/#/main' successfully&#xD;
&#xD;
2019-08-06 10:39:54 - [MESSAGE][PASSED] - Navigate to 'https://nostromo.profect.de:8444/v7-snapshot/#/main' successfully&#xD;
&#xD;
2019-08-06 10:39:54 - [TEST_STEP][PASSED] - setText(findTestObject("Page_BusinessRadar-Client 700/Input fields/input_Login_username"), "demo"): Text 'demo' is set on object 'Object Repository/Page_BusinessRadar-Client 700/Input fields/input_Login_username'&#xD;
&#xD;
2019-08-06 10:39:54 - [MESSAGE][PASSED] - Text 'demo' is set on object 'Object Repository/Page_BusinessRadar-Client 700/Input fields/input_Login_username'&#xD;
&#xD;
2019-08-06 10:39:54 - [TEST_STEP][PASSED] - setEncryptedText(findTestObject("Page_BusinessRadar-Client 700/Input fields/input_Nutzername_password"), "W3BsrpIC7rG/OMTzTgbg+A=="): Text ****** has been set on object 'Object Repository/Page_BusinessRadar-Client 700/Input fields/input_Nutzername_password'&#xD;
&#xD;
2019-08-06 10:39:54 - [MESSAGE][PASSED] - Text ****** has been set on object 'Object Repository/Page_BusinessRadar-Client 700/Input fields/input_Nutzername_password'&#xD;
&#xD;
2019-08-06 10:39:54 - [TEST_STEP][PASSED] - click(findTestObject("Page_BusinessRadar-Client 700/Buttons/button_ANMELDEN")): Object: 'Object Repository/Page_BusinessRadar-Client 700/Buttons/button_ANMELDEN' is clicked on&#xD;
&#xD;
2019-08-06 10:39:54 - [MESSAGE][PASSED] - Object: 'Object Repository/Page_BusinessRadar-Client 700/Buttons/button_ANMELDEN' is clicked on&#xD;
&#xD;
2019-08-06 10:39:54 - [TEST_STEP][PASSED] - click(findTestObject("Page_BusinessRadar-Client 700/Buttons/button_SELEKTIEREN")): Object: 'Object Repository/Page_BusinessRadar-Client 700/Buttons/button_SELEKTIEREN' is clicked on&#xD;
&#xD;
2019-08-06 10:39:55 - [MESSAGE][PASSED] - Object: 'Object Repository/Page_BusinessRadar-Client 700/Buttons/button_SELEKTIEREN' is clicked on&#xD;
&#xD;
2019-08-06 10:39:55 - [TEST_STEP][PASSED] - com.kms.katalon.keyword.draganddrop.DragAndDropKeywords.dragAndDropHtml5(findTestObject("Object Repository/Page_BusinessRadar-Client 700/Drag/div_Und_operator and"), findTestObject("Object Repository/Page_BusinessRadar-Client 700/Trichter/div_VERKNPFUNG NDERN Und Oder  Ohne  XOR")): com.kms.katalon.keyword.draganddrop.DragAndDropKeywords.dragAndDropHtml5 is PASSED&#xD;
&#xD;
2019-08-06 10:39:57 - [MESSAGE][PASSED] - com.kms.katalon.keyword.draganddrop.DragAndDropKeywords.dragAndDropHtml5 is PASSED</system-out>
            <system-err></system-err>
        </testcase>
        <testcase name="Test Cases/V7 Bugs/V7 747" classname="Test Cases/V7 Bugs/V7 747" status="PASSED">
            <system-out>2019-08-06 10:39:57 - [TEST_CASE][PASSED] - Test Cases/V7 Bugs/V7 747: Test Cases/V7 Bugs/V7 747&#xD;
&#xD;
2019-08-06 10:39:57 - [TEST_STEP][PASSED] - openBrowser(""): Browser is opened with url: ''&#xD;
&#xD;
2019-08-06 10:39:57 - [MESSAGE][WARNING] - A browser is already opened. Closing browser and opening a new one&#xD;
&#xD;
2019-08-06 10:39:58 - [MESSAGE][INFO] - Starting 'Chrome (headless)' driver&#xD;
&#xD;
2019-08-06 10:40:00 - [MESSAGE][PASSED] - Browser is opened with url: ''&#xD;
&#xD;
2019-08-06 10:40:00 - [TEST_STEP][PASSED] - navigateToUrl("https://nostromo.profect.de:8444/v7-snapshot/#/main"): Navigate to 'https://nostromo.profect.de:8444/v7-snapshot/#/main' successfully&#xD;
&#xD;
2019-08-06 10:40:10 - [MESSAGE][PASSED] - Navigate to 'https://nostromo.profect.de:8444/v7-snapshot/#/main' successfully&#xD;
&#xD;
2019-08-06 10:40:10 - [TEST_STEP][PASSED] - setText(findTestObject("Page_BusinessRadar-Client 700/Input fields/input_Login_username"), "demo"): Text 'demo' is set on object 'Object Repository/Page_BusinessRadar-Client 700/Input fields/input_Login_username'&#xD;
&#xD;
2019-08-06 10:40:10 - [MESSAGE][PASSED] - Text 'demo' is set on object 'Object Repository/Page_BusinessRadar-Client 700/Input fields/input_Login_username'&#xD;
&#xD;
2019-08-06 10:40:10 - [TEST_STEP][PASSED] - setEncryptedText(findTestObject("Page_BusinessRadar-Client 700/Input fields/input_Nutzername_password"), "W3BsrpIC7rG/OMTzTgbg+A=="): Text ****** has been set on object 'Object Repository/Page_BusinessRadar-Client 700/Input fields/input_Nutzername_password'&#xD;
&#xD;
2019-08-06 10:40:11 - [MESSAGE][PASSED] - Text ****** has been set on object 'Object Repository/Page_BusinessRadar-Client 700/Input fields/input_Nutzername_password'&#xD;
&#xD;
2019-08-06 10:40:11 - [TEST_STEP][PASSED] - click(findTestObject("Page_BusinessRadar-Client 700/Buttons/button_ANMELDEN")): Object: 'Object Repository/Page_BusinessRadar-Client 700/Buttons/button_ANMELDEN' is clicked on&#xD;
&#xD;
2019-08-06 10:40:11 - [MESSAGE][PASSED] - Object: 'Object Repository/Page_BusinessRadar-Client 700/Buttons/button_ANMELDEN' is clicked on&#xD;
&#xD;
2019-08-06 10:40:11 - [TEST_STEP][PASSED] - click(findTestObject("Page_BusinessRadar-Client 700/Buttons/button_SELEKTIEREN")): Object: 'Object Repository/Page_BusinessRadar-Client 700/Buttons/button_SELEKTIEREN' is clicked on&#xD;
&#xD;
2019-08-06 10:40:11 - [MESSAGE][PASSED] - Object: 'Object Repository/Page_BusinessRadar-Client 700/Buttons/button_SELEKTIEREN' is clicked on&#xD;
&#xD;
2019-08-06 10:40:11 - [TEST_STEP][PASSED] - doubleClick(findTestObject("Page_BusinessRadar-Client 700/Trichter/div_VERKNPFUNG NDERN Und Oder  Ohne  XOR")): Object: 'Object Repository/Page_BusinessRadar-Client 700/Trichter/div_VERKNPFUNG NDERN Und Oder  Ohne  XOR' is double clicked on&#xD;
&#xD;
2019-08-06 10:40:14 - [MESSAGE][PASSED] - Object: 'Object Repository/Page_BusinessRadar-Client 700/Trichter/div_VERKNPFUNG NDERN Und Oder  Ohne  XOR' is double clicked on&#xD;
&#xD;
2019-08-06 10:40:14 - [TEST_STEP][PASSED] - closeBrowser(): Browser is closed&#xD;
&#xD;
2019-08-06 10:40:14 - [MESSAGE][PASSED] - Browser is closed</system-out>
            <system-err></system-err>
        </testcase>
        <testcase name="Test Cases/V7 Bugs/V7-736" classname="Test Cases/V7 Bugs/V7-736" status="PASSED">
            <system-out>2019-08-06 10:40:14 - [TEST_CASE][PASSED] - Test Cases/V7 Bugs/V7-736: Test Cases/V7 Bugs/V7-736&#xD;
&#xD;
2019-08-06 10:40:15 - [TEST_STEP][PASSED] - openBrowser(""): Browser is opened with url: ''&#xD;
&#xD;
2019-08-06 10:40:15 - [MESSAGE][INFO] - Starting 'Chrome (headless)' driver&#xD;
&#xD;
2019-08-06 10:40:17 - [MESSAGE][PASSED] - Browser is opened with url: ''&#xD;
&#xD;
2019-08-06 10:40:17 - [TEST_STEP][PASSED] - navigateToUrl("https://nostromo.profect.de:8444/v7-snapshot/#/main"): Navigate to 'https://nostromo.profect.de:8444/v7-snapshot/#/main' successfully&#xD;
&#xD;
2019-08-06 10:40:27 - [MESSAGE][PASSED] - Navigate to 'https://nostromo.profect.de:8444/v7-snapshot/#/main' successfully&#xD;
&#xD;
2019-08-06 10:40:27 - [TEST_STEP][PASSED] - setText(findTestObject("Page_BusinessRadar-Client 700/Input fields/input_Login_username"), "demo"): Text 'demo' is set on object 'Object Repository/Page_BusinessRadar-Client 700/Input fields/input_Login_username'&#xD;
&#xD;
2019-08-06 10:40:27 - [MESSAGE][PASSED] - Text 'demo' is set on object 'Object Repository/Page_BusinessRadar-Client 700/Input fields/input_Login_username'&#xD;
&#xD;
2019-08-06 10:40:27 - [TEST_STEP][PASSED] - setEncryptedText(findTestObject("Page_BusinessRadar-Client 700/Input fields/input_Nutzername_password"), "W3BsrpIC7rG/OMTzTgbg+A=="): Text ****** has been set on object 'Object Repository/Page_BusinessRadar-Client 700/Input fields/input_Nutzername_password'&#xD;
&#xD;
2019-08-06 10:40:28 - [MESSAGE][PASSED] - Text ****** has been set on object 'Object Repository/Page_BusinessRadar-Client 700/Input fields/input_Nutzername_password'&#xD;
&#xD;
2019-08-06 10:40:28 - [TEST_STEP][PASSED] - click(findTestObject("Page_BusinessRadar-Client 700/Buttons/button_ANMELDEN")): Object: 'Object Repository/Page_BusinessRadar-Client 700/Buttons/button_ANMELDEN' is clicked on&#xD;
&#xD;
2019-08-06 10:40:28 - [MESSAGE][PASSED] - Object: 'Object Repository/Page_BusinessRadar-Client 700/Buttons/button_ANMELDEN' is clicked on&#xD;
&#xD;
2019-08-06 10:40:28 - [TEST_STEP][PASSED] - click(findTestObject("Page_BusinessRadar-Client 700/Buttons/button_SELEKTIEREN")): Object: 'Object Repository/Page_BusinessRadar-Client 700/Buttons/button_SELEKTIEREN' is clicked on&#xD;
&#xD;
2019-08-06 10:40:28 - [MESSAGE][PASSED] - Object: 'Object Repository/Page_BusinessRadar-Client 700/Buttons/button_SELEKTIEREN' is clicked on&#xD;
&#xD;
2019-08-06 10:40:28 - [TEST_STEP][PASSED] - closeBrowser(): Browser is closed&#xD;
&#xD;
2019-08-06 10:40:29 - [MESSAGE][PASSED] - Browser is closed</system-out>
            <system-err></system-err>
        </testcase>
        <system-out>2019-08-06 10:39:22 - [TEST_SUITE][INCOMPLETE] - V7 Bugs: null</system-out>
        <system-err>2019-08-06 10:39:22 - [TEST_SUITE][INCOMPLETE] - V7 Bugs: null</system-err>
    </testsuite>
</testsuites>
