<?xml version="1.0" encoding="UTF-8" standalone="yes"?>
<testsuites name="V7 Dragpool Operators" time="69" tests="4" failures="0" errors="0">
    <testsuite name="V7 Dragpool Operators" tests="4" failures="0" errors="0" time="69" timestamp="2019-08-07 09:04:42" hostname="kbr - HYPERION.pci.intranet" id="Test Suites/V7 Dragpool Operators">
        <properties>
            <property name="deviceName" value=""/>
            <property name="devicePlatform" value=""/>
            <property name="logFolder" value="C:\\Users\\kbr\\git\\V7\\V7\\V7\\Reports\\V7 Dragpool Operators\\20190807_090306"/>
            <property name="logFiles" value="C:\\Users\\kbr\\git\\V7\\V7\\V7\\Reports\\V7 Dragpool Operators\\20190807_090306\\execution0.log"/>
            <property name="attachments" value=""/>
            <property name="hostName" value="kbr - HYPERION.pci.intranet"/>
            <property name="os" value="Windows 10 64bit"/>
            <property name="katalonVersion" value="6.1.5.3"/>
            <property name="browser" value="Chrome 75.0.3770.142"/>
            <property name="hostAddress" value="192.168.4.141"/>
            <property name="sessionId" value="60de35a20fa7823f90456532bf0ec618"/>
            <property name="seleniumVersion" value="3.7.1"/>
            <property name="proxyInformation" value="ProxyInformation{proxyOption=NO_PROXY, proxyServerType=HTTP, password=, proxyServerAddress=, proxyServerPort=0}"/>
            <property name="platform" value="Windows 10"/>
        </properties>
        <testcase name="Test Cases/Dragpool Operators/V7 DragAndDrop AND Operator" classname="Test Cases/Dragpool Operators/V7 DragAndDrop AND Operator" status="PASSED">
            <system-out>2019-08-07 09:04:43 - [TEST_CASE][PASSED] - Test Cases/Dragpool Operators/V7 DragAndDrop AND Operator: Test Cases/Dragpool Operators/V7 DragAndDrop AND Operator&#xD;
&#xD;
2019-08-07 09:04:43 - [TEST_STEP][PASSED] - openBrowser(""): Browser is opened with url: ''&#xD;
&#xD;
2019-08-07 09:04:43 - [MESSAGE][INFO] - Starting 'Chrome (headless)' driver&#xD;
&#xD;
2019-08-07 09:04:43 - [MESSAGE][INFO] - Action delay is set to 0 seconds&#xD;
&#xD;
2019-08-07 09:04:47 - [MESSAGE][PASSED] - Browser is opened with url: ''&#xD;
&#xD;
2019-08-07 09:04:47 - [TEST_STEP][PASSED] - navigateToUrl("https://nostromo.profect.de:8444/v7-snapshot/#/main"): Navigate to 'https://nostromo.profect.de:8444/v7-snapshot/#/main' successfully&#xD;
&#xD;
2019-08-07 09:04:58 - [MESSAGE][PASSED] - Navigate to 'https://nostromo.profect.de:8444/v7-snapshot/#/main' successfully&#xD;
&#xD;
2019-08-07 09:04:58 - [TEST_STEP][PASSED] - click(findTestObject("Page_BusinessRadar-Client 700/Div/div_Nutzername")): Object: 'Object Repository/Page_BusinessRadar-Client 700/Div/div_Nutzername' is clicked on&#xD;
&#xD;
2019-08-07 09:04:58 - [MESSAGE][PASSED] - Object: 'Object Repository/Page_BusinessRadar-Client 700/Div/div_Nutzername' is clicked on&#xD;
&#xD;
2019-08-07 09:04:58 - [TEST_STEP][PASSED] - setText(findTestObject("Page_BusinessRadar-Client 700/Input fields/input_Login_username"), "demo"): Text 'demo' is set on object 'Object Repository/Page_BusinessRadar-Client 700/Input fields/input_Login_username'&#xD;
&#xD;
2019-08-07 09:04:58 - [MESSAGE][PASSED] - Text 'demo' is set on object 'Object Repository/Page_BusinessRadar-Client 700/Input fields/input_Login_username'&#xD;
&#xD;
2019-08-07 09:04:58 - [TEST_STEP][PASSED] - setEncryptedText(findTestObject("Page_BusinessRadar-Client 700/Input fields/input_Nutzername_password"), "W3BsrpIC7rG/OMTzTgbg+A=="): Text ****** has been set on object 'Object Repository/Page_BusinessRadar-Client 700/Input fields/input_Nutzername_password'&#xD;
&#xD;
2019-08-07 09:04:58 - [MESSAGE][PASSED] - Text ****** has been set on object 'Object Repository/Page_BusinessRadar-Client 700/Input fields/input_Nutzername_password'&#xD;
&#xD;
2019-08-07 09:04:58 - [TEST_STEP][PASSED] - click(findTestObject("Page_BusinessRadar-Client 700/Buttons/button_ANMELDEN (1)")): Object: 'Object Repository/Page_BusinessRadar-Client 700/Buttons/button_ANMELDEN (1)' is clicked on&#xD;
&#xD;
2019-08-07 09:04:59 - [MESSAGE][PASSED] - Object: 'Object Repository/Page_BusinessRadar-Client 700/Buttons/button_ANMELDEN (1)' is clicked on&#xD;
&#xD;
2019-08-07 09:04:59 - [TEST_STEP][PASSED] - click(findTestObject("Page_BusinessRadar-Client 700/Buttons/button_SELEKTIEREN")): Object: 'Object Repository/Page_BusinessRadar-Client 700/Buttons/button_SELEKTIEREN' is clicked on&#xD;
&#xD;
2019-08-07 09:04:59 - [MESSAGE][PASSED] - Object: 'Object Repository/Page_BusinessRadar-Client 700/Buttons/button_SELEKTIEREN' is clicked on&#xD;
&#xD;
2019-08-07 09:04:59 - [TEST_STEP][PASSED] - com.kms.katalon.keyword.draganddrop.DragAndDropKeywords.dragAndDropHtml5(findTestObject("Page_BusinessRadar-Client 700/Drag/div_Und_operator and"), findTestObject("Object Repository/Page_BusinessRadar-Client 700/Trichter/div_VERKNPFUNG NDERN Und Oder  Ohne  XOR")): com.kms.katalon.keyword.draganddrop.DragAndDropKeywords.dragAndDropHtml5 is PASSED&#xD;
&#xD;
2019-08-07 09:05:01 - [MESSAGE][PASSED] - com.kms.katalon.keyword.draganddrop.DragAndDropKeywords.dragAndDropHtml5 is PASSED</system-out>
            <system-err></system-err>
        </testcase>
        <testcase name="Test Cases/Dragpool Operators/V7 DragAndDrop OR Operator" classname="Test Cases/Dragpool Operators/V7 DragAndDrop OR Operator" status="PASSED">
            <system-out>2019-08-07 09:05:01 - [TEST_CASE][PASSED] - Test Cases/Dragpool Operators/V7 DragAndDrop OR Operator: Test Cases/Dragpool Operators/V7 DragAndDrop OR Operator&#xD;
&#xD;
2019-08-07 09:05:02 - [TEST_STEP][PASSED] - openBrowser(""): Browser is opened with url: ''&#xD;
&#xD;
2019-08-07 09:05:02 - [MESSAGE][WARNING] - A browser is already opened. Closing browser and opening a new one&#xD;
&#xD;
2019-08-07 09:05:02 - [MESSAGE][INFO] - Starting 'Chrome (headless)' driver&#xD;
&#xD;
2019-08-07 09:05:04 - [MESSAGE][PASSED] - Browser is opened with url: ''&#xD;
&#xD;
2019-08-07 09:05:04 - [TEST_STEP][PASSED] - navigateToUrl("https://nostromo.profect.de:8444/v7-snapshot/#/main"): Navigate to 'https://nostromo.profect.de:8444/v7-snapshot/#/main' successfully&#xD;
&#xD;
2019-08-07 09:05:15 - [MESSAGE][PASSED] - Navigate to 'https://nostromo.profect.de:8444/v7-snapshot/#/main' successfully&#xD;
&#xD;
2019-08-07 09:05:15 - [TEST_STEP][PASSED] - click(findTestObject("Page_BusinessRadar-Client 700/Div/div_Nutzername")): Object: 'Object Repository/Page_BusinessRadar-Client 700/Div/div_Nutzername' is clicked on&#xD;
&#xD;
2019-08-07 09:05:15 - [MESSAGE][PASSED] - Object: 'Object Repository/Page_BusinessRadar-Client 700/Div/div_Nutzername' is clicked on&#xD;
&#xD;
2019-08-07 09:05:15 - [TEST_STEP][PASSED] - setText(findTestObject("Page_BusinessRadar-Client 700/Input fields/input_Login_username"), "demo"): Text 'demo' is set on object 'Object Repository/Page_BusinessRadar-Client 700/Input fields/input_Login_username'&#xD;
&#xD;
2019-08-07 09:05:15 - [MESSAGE][PASSED] - Text 'demo' is set on object 'Object Repository/Page_BusinessRadar-Client 700/Input fields/input_Login_username'&#xD;
&#xD;
2019-08-07 09:05:15 - [TEST_STEP][PASSED] - setEncryptedText(findTestObject("Page_BusinessRadar-Client 700/Input fields/input_Nutzername_password"), "W3BsrpIC7rG/OMTzTgbg+A=="): Text ****** has been set on object 'Object Repository/Page_BusinessRadar-Client 700/Input fields/input_Nutzername_password'&#xD;
&#xD;
2019-08-07 09:05:15 - [MESSAGE][PASSED] - Text ****** has been set on object 'Object Repository/Page_BusinessRadar-Client 700/Input fields/input_Nutzername_password'&#xD;
&#xD;
2019-08-07 09:05:15 - [TEST_STEP][PASSED] - click(findTestObject("Page_BusinessRadar-Client 700/Buttons/button_ANMELDEN (1)")): Object: 'Object Repository/Page_BusinessRadar-Client 700/Buttons/button_ANMELDEN (1)' is clicked on&#xD;
&#xD;
2019-08-07 09:05:15 - [MESSAGE][PASSED] - Object: 'Object Repository/Page_BusinessRadar-Client 700/Buttons/button_ANMELDEN (1)' is clicked on&#xD;
&#xD;
2019-08-07 09:05:15 - [TEST_STEP][PASSED] - click(findTestObject("Page_BusinessRadar-Client 700/Buttons/button_SELEKTIEREN")): Object: 'Object Repository/Page_BusinessRadar-Client 700/Buttons/button_SELEKTIEREN' is clicked on&#xD;
&#xD;
2019-08-07 09:05:16 - [MESSAGE][PASSED] - Object: 'Object Repository/Page_BusinessRadar-Client 700/Buttons/button_SELEKTIEREN' is clicked on&#xD;
&#xD;
2019-08-07 09:05:16 - [TEST_STEP][PASSED] - com.kms.katalon.keyword.draganddrop.DragAndDropKeywords.dragAndDropHtml5(findTestObject("Page_BusinessRadar-Client 700/Drag/div_Oder_operator or"), findTestObject("Object Repository/Page_BusinessRadar-Client 700/Trichter/div_VERKNPFUNG NDERN Und Oder  Ohne  XOR")): com.kms.katalon.keyword.draganddrop.DragAndDropKeywords.dragAndDropHtml5 is PASSED&#xD;
&#xD;
2019-08-07 09:05:18 - [MESSAGE][PASSED] - com.kms.katalon.keyword.draganddrop.DragAndDropKeywords.dragAndDropHtml5 is PASSED</system-out>
            <system-err></system-err>
        </testcase>
        <testcase name="Test Cases/Dragpool Operators/V7 DragAndDrop NOT Operator" classname="Test Cases/Dragpool Operators/V7 DragAndDrop NOT Operator" status="PASSED">
            <system-out>2019-08-07 09:05:18 - [TEST_CASE][PASSED] - Test Cases/Dragpool Operators/V7 DragAndDrop NOT Operator: Test Cases/Dragpool Operators/V7 DragAndDrop NOT Operator&#xD;
&#xD;
2019-08-07 09:05:18 - [TEST_STEP][PASSED] - openBrowser(""): Browser is opened with url: ''&#xD;
&#xD;
2019-08-07 09:05:18 - [MESSAGE][WARNING] - A browser is already opened. Closing browser and opening a new one&#xD;
&#xD;
2019-08-07 09:05:19 - [MESSAGE][INFO] - Starting 'Chrome (headless)' driver&#xD;
&#xD;
2019-08-07 09:05:21 - [MESSAGE][PASSED] - Browser is opened with url: ''&#xD;
&#xD;
2019-08-07 09:05:21 - [TEST_STEP][PASSED] - navigateToUrl("https://nostromo.profect.de:8444/v7-snapshot/#/main"): Navigate to 'https://nostromo.profect.de:8444/v7-snapshot/#/main' successfully&#xD;
&#xD;
2019-08-07 09:05:31 - [MESSAGE][PASSED] - Navigate to 'https://nostromo.profect.de:8444/v7-snapshot/#/main' successfully&#xD;
&#xD;
2019-08-07 09:05:31 - [TEST_STEP][PASSED] - click(findTestObject("Page_BusinessRadar-Client 700/Div/div_Nutzername")): Object: 'Object Repository/Page_BusinessRadar-Client 700/Div/div_Nutzername' is clicked on&#xD;
&#xD;
2019-08-07 09:05:32 - [MESSAGE][PASSED] - Object: 'Object Repository/Page_BusinessRadar-Client 700/Div/div_Nutzername' is clicked on&#xD;
&#xD;
2019-08-07 09:05:32 - [TEST_STEP][PASSED] - setText(findTestObject("Page_BusinessRadar-Client 700/Input fields/input_Login_username"), "demo"): Text 'demo' is set on object 'Object Repository/Page_BusinessRadar-Client 700/Input fields/input_Login_username'&#xD;
&#xD;
2019-08-07 09:05:32 - [MESSAGE][PASSED] - Text 'demo' is set on object 'Object Repository/Page_BusinessRadar-Client 700/Input fields/input_Login_username'&#xD;
&#xD;
2019-08-07 09:05:32 - [TEST_STEP][PASSED] - setEncryptedText(findTestObject("Page_BusinessRadar-Client 700/Input fields/input_Nutzername_password"), "W3BsrpIC7rG/OMTzTgbg+A=="): Text ****** has been set on object 'Object Repository/Page_BusinessRadar-Client 700/Input fields/input_Nutzername_password'&#xD;
&#xD;
2019-08-07 09:05:32 - [MESSAGE][PASSED] - Text ****** has been set on object 'Object Repository/Page_BusinessRadar-Client 700/Input fields/input_Nutzername_password'&#xD;
&#xD;
2019-08-07 09:05:32 - [TEST_STEP][PASSED] - click(findTestObject("Page_BusinessRadar-Client 700/Buttons/button_ANMELDEN (1)")): Object: 'Object Repository/Page_BusinessRadar-Client 700/Buttons/button_ANMELDEN (1)' is clicked on&#xD;
&#xD;
2019-08-07 09:05:32 - [MESSAGE][PASSED] - Object: 'Object Repository/Page_BusinessRadar-Client 700/Buttons/button_ANMELDEN (1)' is clicked on&#xD;
&#xD;
2019-08-07 09:05:32 - [TEST_STEP][PASSED] - click(findTestObject("Page_BusinessRadar-Client 700/Buttons/button_SELEKTIEREN")): Object: 'Object Repository/Page_BusinessRadar-Client 700/Buttons/button_SELEKTIEREN' is clicked on&#xD;
&#xD;
2019-08-07 09:05:33 - [MESSAGE][PASSED] - Object: 'Object Repository/Page_BusinessRadar-Client 700/Buttons/button_SELEKTIEREN' is clicked on&#xD;
&#xD;
2019-08-07 09:05:33 - [TEST_STEP][PASSED] - com.kms.katalon.keyword.draganddrop.DragAndDropKeywords.dragAndDropHtml5(findTestObject("Page_BusinessRadar-Client 700/Drag/div_Ohne_operator not"), findTestObject("Object Repository/Page_BusinessRadar-Client 700/Trichter/div_VERKNPFUNG NDERN Und Oder  Ohne  XOR")): com.kms.katalon.keyword.draganddrop.DragAndDropKeywords.dragAndDropHtml5 is PASSED&#xD;
&#xD;
2019-08-07 09:05:35 - [MESSAGE][PASSED] - com.kms.katalon.keyword.draganddrop.DragAndDropKeywords.dragAndDropHtml5 is PASSED</system-out>
            <system-err></system-err>
        </testcase>
        <testcase name="Test Cases/Dragpool Operators/V7 DragAndDrop XOR Operator" classname="Test Cases/Dragpool Operators/V7 DragAndDrop XOR Operator" status="PASSED">
            <system-out>2019-08-07 09:05:35 - [TEST_CASE][PASSED] - Test Cases/Dragpool Operators/V7 DragAndDrop XOR Operator: Test Cases/Dragpool Operators/V7 DragAndDrop XOR Operator&#xD;
&#xD;
2019-08-07 09:05:35 - [TEST_STEP][PASSED] - openBrowser(""): Browser is opened with url: ''&#xD;
&#xD;
2019-08-07 09:05:35 - [MESSAGE][WARNING] - A browser is already opened. Closing browser and opening a new one&#xD;
&#xD;
2019-08-07 09:05:36 - [MESSAGE][INFO] - Starting 'Chrome (headless)' driver&#xD;
&#xD;
2019-08-07 09:05:38 - [MESSAGE][PASSED] - Browser is opened with url: ''&#xD;
&#xD;
2019-08-07 09:05:38 - [TEST_STEP][PASSED] - navigateToUrl("https://nostromo.profect.de:8444/v7-snapshot/#/main"): Navigate to 'https://nostromo.profect.de:8444/v7-snapshot/#/main' successfully&#xD;
&#xD;
2019-08-07 09:05:48 - [MESSAGE][PASSED] - Navigate to 'https://nostromo.profect.de:8444/v7-snapshot/#/main' successfully&#xD;
&#xD;
2019-08-07 09:05:48 - [TEST_STEP][PASSED] - click(findTestObject("Page_BusinessRadar-Client 700/Div/div_Nutzername")): Object: 'Object Repository/Page_BusinessRadar-Client 700/Div/div_Nutzername' is clicked on&#xD;
&#xD;
2019-08-07 09:05:48 - [MESSAGE][PASSED] - Object: 'Object Repository/Page_BusinessRadar-Client 700/Div/div_Nutzername' is clicked on&#xD;
&#xD;
2019-08-07 09:05:48 - [TEST_STEP][PASSED] - setText(findTestObject("Page_BusinessRadar-Client 700/Input fields/input_Login_username"), "demo"): Text 'demo' is set on object 'Object Repository/Page_BusinessRadar-Client 700/Input fields/input_Login_username'&#xD;
&#xD;
2019-08-07 09:05:48 - [MESSAGE][PASSED] - Text 'demo' is set on object 'Object Repository/Page_BusinessRadar-Client 700/Input fields/input_Login_username'&#xD;
&#xD;
2019-08-07 09:05:48 - [TEST_STEP][PASSED] - setEncryptedText(findTestObject("Page_BusinessRadar-Client 700/Input fields/input_Nutzername_password"), "W3BsrpIC7rG/OMTzTgbg+A=="): Text ****** has been set on object 'Object Repository/Page_BusinessRadar-Client 700/Input fields/input_Nutzername_password'&#xD;
&#xD;
2019-08-07 09:05:49 - [MESSAGE][PASSED] - Text ****** has been set on object 'Object Repository/Page_BusinessRadar-Client 700/Input fields/input_Nutzername_password'&#xD;
&#xD;
2019-08-07 09:05:49 - [TEST_STEP][PASSED] - click(findTestObject("Page_BusinessRadar-Client 700/Buttons/button_ANMELDEN (1)")): Object: 'Object Repository/Page_BusinessRadar-Client 700/Buttons/button_ANMELDEN (1)' is clicked on&#xD;
&#xD;
2019-08-07 09:05:49 - [MESSAGE][PASSED] - Object: 'Object Repository/Page_BusinessRadar-Client 700/Buttons/button_ANMELDEN (1)' is clicked on&#xD;
&#xD;
2019-08-07 09:05:49 - [TEST_STEP][PASSED] - click(findTestObject("Page_BusinessRadar-Client 700/Buttons/button_SELEKTIEREN")): Object: 'Object Repository/Page_BusinessRadar-Client 700/Buttons/button_SELEKTIEREN' is clicked on&#xD;
&#xD;
2019-08-07 09:05:49 - [MESSAGE][PASSED] - Object: 'Object Repository/Page_BusinessRadar-Client 700/Buttons/button_SELEKTIEREN' is clicked on&#xD;
&#xD;
2019-08-07 09:05:49 - [TEST_STEP][PASSED] - com.kms.katalon.keyword.draganddrop.DragAndDropKeywords.dragAndDropHtml5(findTestObject("Page_BusinessRadar-Client 700/Drag/div_XOR_operator xor"), findTestObject("Object Repository/Page_BusinessRadar-Client 700/Trichter/div_VERKNPFUNG NDERN Und Oder  Ohne  XOR")): com.kms.katalon.keyword.draganddrop.DragAndDropKeywords.dragAndDropHtml5 is PASSED&#xD;
&#xD;
2019-08-07 09:05:51 - [MESSAGE][PASSED] - com.kms.katalon.keyword.draganddrop.DragAndDropKeywords.dragAndDropHtml5 is PASSED</system-out>
            <system-err></system-err>
        </testcase>
        <system-out>2019-08-07 09:04:42 - [TEST_SUITE][INCOMPLETE] - V7 Dragpool Operators: null</system-out>
        <system-err>2019-08-07 09:04:42 - [TEST_SUITE][INCOMPLETE] - V7 Dragpool Operators: null</system-err>
    </testsuite>
</testsuites>
